<?xml version="1.0" encoding="UTF-8"?>
<!-- Generated by org.testng.reporters.JUnitReportReporter -->
<testsuite hostname="Anvit" failures="0" tests="3" name="cucumberOptions.TestRunner" time="34.156" errors="0" timestamp="2026-04-28T22:43:28 IST" skipped="0">
  <testcase classname="cucumberOptions.TestRunner" name="runScenario" time="14.295"/>
  <testcase classname="cucumberOptions.TestRunner" name="runScenario" time="11.362"/>
  <testcase classname="cucumberOptions.TestRunner" name="runScenario" time="8.499"/>
</testsuite> <!-- cucumberOptions.TestRunner -->
