<?xml version="1.0" encoding="UTF-8"?>
<testng-results ignored="0" total="3" passed="3" failed="0" skipped="0">
  <reporter-output>
  </reporter-output>
  <suite started-at="2026-04-28T22:43:13 IST" name="Suite" finished-at="2026-04-28T22:43:28 IST" duration-ms="14538">
    <groups>
      <group name="cucumber">
        <method signature="AbstractTestNGCucumberTests.runScenario(io.cucumber.testng.PickleWrapper,io.cucumber.testng.FeatureWrapper)[pri:0, instance:cucumberOptions.TestRunner@d5b810e]" name="runScenario" class="io.cucumber.testng.AbstractTestNGCucumberTests"/>
      </group> <!-- cucumber -->
    </groups>
    <test started-at="2026-04-28T22:43:13 IST" name="Test" finished-at="2026-04-28T22:43:28 IST" duration-ms="14538">
      <class name="cucumberOptions.TestRunner">
        <test-method is-config="true" signature="setUpClass(org.testng.ITestContext)[pri:0, instance:cucumberOptions.TestRunner@d5b810e]" started-at="2026-04-28T22:43:14 IST" name="setUpClass" finished-at="2026-04-28T22:43:14 IST" duration-ms="203" status="PASS">
          <params>
            <param index="0">
              <value>
                <![CDATA[org.testng.TestRunner@758705fa]]>
              </value>
            </param>
          </params>
          <reporter-output>
          </reporter-output>
        </test-method> <!-- setUpClass -->
        <test-method signature="runScenario(io.cucumber.testng.PickleWrapper,io.cucumber.testng.FeatureWrapper)[pri:0, instance:cucumberOptions.TestRunner@d5b810e]" started-at="2026-04-28T22:43:14 IST" name="runScenario" description="Runs Cucumber Scenarios" data-provider="scenarios" finished-at="2026-04-28T22:43:28 IST" duration-ms="14295" status="PASS">
          <params>
            <param index="0">
              <value>
                <![CDATA["Validate product details from listing to product page"]]>
              </value>
            </param>
            <param index="1">
              <value>
                <![CDATA["Add to cart and validate product details"]]>
              </value>
            </param>
          </params>
          <reporter-output>
          </reporter-output>
        </test-method> <!-- runScenario -->
        <test-method signature="runScenario(io.cucumber.testng.PickleWrapper,io.cucumber.testng.FeatureWrapper)[pri:0, instance:cucumberOptions.TestRunner@d5b810e]" started-at="2026-04-28T22:43:14 IST" name="runScenario" description="Runs Cucumber Scenarios" data-provider="scenarios" finished-at="2026-04-28T22:43:25 IST" duration-ms="11362" status="PASS">
          <params>
            <param index="0">
              <value>
                <![CDATA["Apply multiple filters to the product list"]]>
              </value>
            </param>
            <param index="1">
              <value>
                <![CDATA["Validating filterandsort functionality"]]>
              </value>
            </param>
          </params>
          <reporter-output>
          </reporter-output>
        </test-method> <!-- runScenario -->
        <test-method signature="runScenario(io.cucumber.testng.PickleWrapper,io.cucumber.testng.FeatureWrapper)[pri:0, instance:cucumberOptions.TestRunner@d5b810e]" started-at="2026-04-28T22:43:14 IST" name="runScenario" description="Runs Cucumber Scenarios" data-provider="scenarios" finished-at="2026-04-28T22:43:22 IST" duration-ms="8499" status="PASS">
          <params>
            <param index="0">
              <value>
                <![CDATA["Search for specific kids clothing categories"]]>
              </value>
            </param>
            <param index="1">
              <value>
                <![CDATA["search functionality of firstcry"]]>
              </value>
            </param>
          </params>
          <reporter-output>
          </reporter-output>
        </test-method> <!-- runScenario -->
        <test-method is-config="true" signature="tearDownClass()[pri:0, instance:cucumberOptions.TestRunner@d5b810e]" started-at="2026-04-28T22:43:28 IST" name="tearDownClass" finished-at="2026-04-28T22:43:28 IST" duration-ms="2" status="PASS">
          <reporter-output>
          </reporter-output>
        </test-method> <!-- tearDownClass -->
      </class> <!-- cucumberOptions.TestRunner -->
    </test> <!-- Test -->
  </suite> <!-- Suite -->
</testng-results>
