<?xml version="1.0" encoding="UTF-8"?>
<testsuite xmlns:xsi="http://www.w3.org/2001/XMLSchema-instance" xsi:noNamespaceSchemaLocation="https://maven.apache.org/surefire/maven-surefire-plugin/xsd/surefire-test-report-3.0.xsd" version="3.0" name="TestSuite" time="15.047" tests="3" errors="0" skipped="0" failures="0">
  <properties>
[...]
</properties>
  <testcase name="runScenario[&quot;Search for specific kids clothing categories&quot;, &quot;search functionality of firstcry&quot;](1)" classname="cucumberOptions.TestRunner" time="8.501">
    <system-out><![CDATA[
@Search
Scenario: Search for specific kids clothing categories &amp#27;[90m# src/test/resources/features/A_search.feature:4&amp#27;[0m

@filterandsort
Scenario: Apply multiple filters to the product list                 &amp#27;[90m# src/test/resources/features/B_FilterandSort.feature:4&amp#27;[0m

@addtocart
Scenario: Validate product details from listing to product page      &amp#27;[90m# src/test/resources/features/C_AddtoCart.feature:4&amp#27;[0m
GRID STARTED
GRID STARTED
GRID STARTED
  &amp#27;[32mGiven &amp#27;[0m&amp#27;[32muser is home page&amp#27;[0m                                            &amp#27;[90m# stepdefinations.A_Search.user_is_home_page()&amp#27;[0m
  &amp#27;[32mGiven &amp#27;[0m&amp#27;[32muser is home page&amp#27;[0m                                            &amp#27;[90m# stepdefinations.A_Search.user_is_home_page()&amp#27;[0m
  &amp#27;[32mGiven &amp#27;[0m&amp#27;[32muser is home page&amp#27;[0m                              &amp#27;[90m# stepdefinations.A_Search.user_is_home_page()&amp#27;[0m
  &amp#27;[32mWhen &amp#27;[0m&amp#27;[32menter &amp#27;[0m&amp#27;[32m&amp#27;[1m"T-shirts for Boys"&amp#27;[0m&amp#27;[32m into the search bar&amp#27;[0m                 &amp#27;[90m# stepdefinations.A_Search.enter_into_the_search_bar(java.lang.String)&amp#27;[0m
Search successful!
  &amp#27;[32mAnd &amp#27;[0m&amp#27;[32mclick the search icon or press &amp#27;[0m&amp#27;[32m&amp#27;[1m"Enter"&amp#27;[0m                         &amp#27;[90m# stepdefinations.A_Search.click_the_search_icon_or_press(java.lang.String)&amp#27;[0m
  &amp#27;[32mWhen &amp#27;[0m&amp#27;[32menter &amp#27;[0m&amp#27;[32m&amp#27;[1m"T-shirts for Boys"&amp#27;[0m&amp#27;[32m into the search bar&amp#27;[0m   &amp#27;[90m# stepdefinations.A_Search.enter_into_the_search_bar(java.lang.String)&amp#27;[0m
Search successful!
  &amp#27;[32mAnd &amp#27;[0m&amp#27;[32mclick the search icon or press &amp#27;[0m&amp#27;[32m&amp#27;[1m"Enter"&amp#27;[0m           &amp#27;[90m# stepdefinations.A_Search.click_the_search_icon_or_press(java.lang.String)&amp#27;[0m
  &amp#27;[32mWhen &amp#27;[0m&amp#27;[32mthe user selects the &amp#27;[0m&amp#27;[32m&amp#27;[1m"Winter T-Shirts"&amp#27;[0m&amp#27;[32m filter under Type&amp#27;[0m      &amp#27;[90m# stepdefinations.B_FilterandSort.userSelectsFilterType(java.lang.String)&amp#27;[0m
]]></system-out>
    <system-err><![CDATA[SLF4J: Failed to load class "org.slf4j.impl.StaticLoggerBinder".
SLF4J: Defaulting to no-operation (NOP) logger implementation
SLF4J: See http://www.slf4j.org/codes.html#StaticLoggerBinder for further details.
Apr 28, 2026 10:43:14 PM org.openqa.selenium.remote.tracing.opentelemetry.OpenTelemetryTracer createTracer
INFO: Using OpenTelemetry for tracing
]]></system-err>
  </testcase>
  <testcase name="runScenario[&quot;Apply multiple filters to the product list&quot;, &quot;Validating filterandsort functionality&quot;](2)" classname="cucumberOptions.TestRunner" time="11.359">
    <system-out><![CDATA[  &amp#27;[32mAnd &amp#27;[0m&amp#27;[32mthe user selects the &amp#27;[0m&amp#27;[32m&amp#27;[1m"Half Sleeves"&amp#27;[0m&amp#27;[32m filter under Sleeve Length&amp#27;[0m &amp#27;[90m# stepdefinations.B_FilterandSort.userSelectsSleeveFilter(java.lang.String)&amp#27;[0m
  &amp#27;[32mWhen &amp#27;[0m&amp#27;[32menter &amp#27;[0m&amp#27;[32m&amp#27;[1m"T-shirts for Boys"&amp#27;[0m&amp#27;[32m into the search bar&amp#27;[0m                 &amp#27;[90m# stepdefinations.A_Search.enter_into_the_search_bar(java.lang.String)&amp#27;[0m
Search successful!
  &amp#27;[32mAnd &amp#27;[0m&amp#27;[32mclick the search icon or press &amp#27;[0m&amp#27;[32m&amp#27;[1m"Enter"&amp#27;[0m                         &amp#27;[90m# stepdefinations.A_Search.click_the_search_icon_or_press(java.lang.String)&amp#27;[0m
7
7
  &amp#27;[32mThen &amp#27;[0m&amp#27;[32mthe page should display &amp#27;[0m&amp#27;[32m&amp#27;[1m"8 Items"&amp#27;[0m&amp#27;[32m as per the applied filters&amp#27;[0m  &amp#27;[90m# stepdefinations.B_FilterandSort.verifyDisplayCount(java.lang.String)&amp#27;[0m
  &amp#27;[32mWhen &amp#27;[0m&amp#27;[32mthe user selects the &amp#27;[0m&amp#27;[32m&amp#27;[1m"Winter T-Shirts"&amp#27;[0m&amp#27;[32m filter under Type&amp#27;[0m      &amp#27;[90m# stepdefinations.B_FilterandSort.userSelectsFilterType(java.lang.String)&amp#27;[0m
  &amp#27;[32mThen &amp#27;[0m&amp#27;[32mthe user sorts products by price low to high&amp#27;[0m                  &amp#27;[90m# stepdefinations.B_FilterandSort.userSortsByPrice()&amp#27;[0m
  &amp#27;[32mAnd &amp#27;[0m&amp#27;[32mthe user selects the &amp#27;[0m&amp#27;[32m&amp#27;[1m"Half Sleeves"&amp#27;[0m&amp#27;[32m filter under Sleeve Length&amp#27;[0m &amp#27;[90m# stepdefinations.B_FilterandSort.userSelectsSleeveFilter(java.lang.String)&amp#27;[0m
324
324
  &amp#27;[32mThen &amp#27;[0m&amp#27;[32mthe page should display &amp#27;[0m&amp#27;[32m&amp#27;[1m"8 Items"&amp#27;[0m&amp#27;[32m as per the applied filters&amp#27;[0m  &amp#27;[90m# stepdefinations.B_FilterandSort.verifyDisplayCount(java.lang.String)&amp#27;[0m
]]></system-out>
  </testcase>
  <testcase name="runScenario[&quot;Validate product details from listing to product page&quot;, &quot;Add to cart and validate product details&quot;](3)" classname="cucumberOptions.TestRunner" time="14.292">
    <system-out><![CDATA[  &amp#27;[32mWhen &amp#27;[0m&amp#27;[32mthe user sorts products by price low to high&amp#27;[0m                  &amp#27;[90m# stepdefinations.B_FilterandSort.userSortsByPrice()&amp#27;[0m
RemoteWebDriver: chrome on windows (26e82e263f05ccf540a198a15af4fef5)
RemoteWebDriver: chrome on windows (26e82e263f05ccf540a198a15af4fef5)
  &amp#27;[32mAnd &amp#27;[0m&amp#27;[32muser clicks on first product&amp#27;[0m                                   &amp#27;[90m# stepdefinations.C_AddToCart.user_clicks_on_first_product()&amp#27;[0m
Details Name: Babyhug Cotton Knit Half Sleeves Dino Printed T-Shirt - Yellow
Details Price: 17101
  &amp#27;[32mThen &amp#27;[0m&amp#27;[32mproduct details should match with listing page&amp#27;[0m                &amp#27;[90m# stepdefinations.C_AddToCart.product_details_should_match()&amp#27;[0m
  &amp#27;[32mAnd &amp#27;[0m&amp#27;[32mthe user clicks on &amp#27;[0m&amp#27;[32m&amp#27;[1m"ADD TO CART"&amp#27;[0m&amp#27;[32m button&amp#27;[0m                        &amp#27;[90m# stepdefinations.C_AddToCart.the_user_clicks_on_button(java.lang.String)&amp#27;[0m
  &amp#27;[32mThen &amp#27;[0m&amp#27;[32mthe product should be successfully added to the cart&amp#27;[0m          &amp#27;[90m# stepdefinations.C_AddToCart.the_product_should_be_successfully_added_to_the_cart()&amp#27;[0m
]]></system-out>
  </testcase>
</testsuite>